0 silly argv {
0 silly argv   _: [ 'publish' ],
0 silly argv   'force-publish': true,
0 silly argv   forcePublish: true,
0 silly argv   preid: 'beta',
0 silly argv   'pre-dist-tag': 'beta',
0 silly argv   preDistTag: 'beta',
0 silly argv   composed: 'publish',
0 silly argv   lernaVersion: '4.0.0',
0 silly argv   '$0': '/Users/mast1ff/Repos/tknf/@oss/japhonex/node_modules/.bin/lerna'
0 silly argv }
1 notice cli v4.0.0
2 verbose rootPath /Users/mast1ff/Repos/tknf/@oss/japhonex
3 info versioning independent
4 verbose session 9081f21a2f2ef818
5 verbose user-agent lerna/4.0.0/node@v16.13.0+arm64 (darwin)
6 silly argv {
6 silly argv   _: [ 'publish' ],
6 silly argv   'force-publish': true,
6 silly argv   forcePublish: true,
6 silly argv   preid: 'beta',
6 silly argv   'pre-dist-tag': 'beta',
6 silly argv   preDistTag: 'beta',
6 silly argv   composed: 'publish',
6 silly argv   lernaVersion: '4.0.0'
6 silly argv }
7 verbose rootPath /Users/mast1ff/Repos/tknf/@oss/japhonex
8 silly isAnythingCommitted
9 verbose isAnythingCommitted 1
10 silly getCurrentBranch
11 verbose currentBranch main
12 silly remoteBranchExists
13 silly isBehindUpstream
14 silly isBehindUpstream main is behind origin/main by 0 commit(s) and ahead by 1
15 silly hasTags
16 verbose hasTags true
17 silly git-describe.sync "v0.1.0-0-g4f75891-dirty" => {"lastTagName":"v0.1.0","lastVersion":"v0.1.0","refCount":"0","sha":"4f75891","isDirty":true}
18 warn force-publish all packages
19 info Assuming all packages changed
20 verbose updated @tknf/japhonex
21 info execute Skipping releases
22 silly lifecycle No script for "preversion" in "japhonex-monorepo", continuing
23 silly lifecycle No script for "preversion" in "@tknf/japhonex", continuing
24 silly lifecycle No script for "version" in "@tknf/japhonex", continuing
25 silly lifecycle No script for "version" in "japhonex-monorepo", continuing
26 silly gitAdd [ 'packages/node/package.json' ]
27 silly gitCommit Publish
27 silly gitCommit
27 silly gitCommit  - @tknf/japhonex@0.1.1
28 verbose git [
28 verbose git   'commit',
28 verbose git   '-F',
28 verbose git   '/private/var/folders/3y/qpg8svlx6blbr33ktq50zkx00000gn/T/24f14303-3080-4919-bb40-0a359f3256f1/lerna-commit.txt'
28 verbose git ]
29 silly gitTag @tknf/japhonex@0.1.1
30 verbose git [ 'tag', '@tknf/japhonex@0.1.1', '-m', '@tknf/japhonex@0.1.1' ]
31 silly lifecycle No script for "postversion" in "@tknf/japhonex", continuing
32 silly lifecycle No script for "postversion" in "japhonex-monorepo", continuing
33 info git Pushing tags...
34 silly gitPush origin main
35 info publish Publishing packages to npm...
36 notice Skipping all user and access validation due to third-party registry
37 notice Make sure you're authenticated properly ¯\_(ツ)_/¯
38 warn ENOLICENSE Package @tknf/japhonex is missing a license.
38 warn ENOLICENSE One way to fix this is to add a LICENSE.md file to the root of this repository.
38 warn ENOLICENSE See https://choosealicense.com for additional guidance.
39 silly getCurrentSHA
40 verbose getCurrentSHA ccf08dc3da508a92952f59853ae9a3c75f117c94
41 silly lifecycle No script for "prepublish" in "japhonex-monorepo", continuing
42 silly lifecycle No script for "prepare" in "japhonex-monorepo", continuing
43 silly lifecycle No script for "prepublishOnly" in "japhonex-monorepo", continuing
44 silly lifecycle No script for "prepack" in "japhonex-monorepo", continuing
45 verbose pack-directory packages/node
46 silly lifecycle No script for "prepublish" in "@tknf/japhonex", continuing
47 silly lifecycle No script for "prepare" in "@tknf/japhonex", continuing
48 silly lifecycle No script for "prepublishOnly" in "@tknf/japhonex", continuing
49 silly lifecycle No script for "prepack" in "@tknf/japhonex", continuing
50 silly lifecycle No script for "postpack" in "@tknf/japhonex", continuing
51 verbose packed packages/node
52 silly lifecycle No script for "postpack" in "japhonex-monorepo", continuing
53 verbose publish @tknf/japhonex
54 silly FetchError: request to https://registry.npmjs/org/@tknf%2fjaphonex failed, reason: getaddrinfo ENOTFOUND registry.npmjs
54 silly     at ClientRequest.<anonymous> (/Users/mast1ff/Repos/tknf/@oss/japhonex/node_modules/minipass-fetch/lib/index.js:110:14)
54 silly     at ClientRequest.emit (node:events:390:28)
54 silly     at TLSSocket.socketErrorListener (node:_http_client:447:9)
54 silly     at TLSSocket.emit (node:events:402:35)
54 silly     at emitErrorNT (node:internal/streams/destroy:157:8)
54 silly     at emitErrorCloseNT (node:internal/streams/destroy:122:3)
54 silly     at processTicksAndRejections (node:internal/process/task_queues:83:21)
54 silly  FetchError: request to https://registry.npmjs/org/@tknf%2fjaphonex failed, reason: getaddrinfo ENOTFOUND registry.npmjs
54 silly     at ClientRequest.<anonymous> (/Users/mast1ff/Repos/tknf/@oss/japhonex/node_modules/minipass-fetch/lib/index.js:110:14)
54 silly     at ClientRequest.emit (node:events:390:28)
54 silly     at TLSSocket.socketErrorListener (node:_http_client:447:9)
54 silly     at TLSSocket.emit (node:events:402:35)
54 silly     at emitErrorNT (node:internal/streams/destroy:157:8)
54 silly     at emitErrorCloseNT (node:internal/streams/destroy:122:3)
54 silly     at processTicksAndRejections (node:internal/process/task_queues:83:21) {
54 silly   code: 'ENOTFOUND',
54 silly   errno: 'ENOTFOUND',
54 silly   syscall: 'getaddrinfo',
54 silly   hostname: 'registry.npmjs',
54 silly   type: 'system'
54 silly }
55 error ENOTFOUND request to https://registry.npmjs/org/@tknf%2fjaphonex failed, reason: getaddrinfo ENOTFOUND registry.npmjs
56 error FetchError: request to https://registry.npmjs/org/@tknf%2fjaphonex failed, reason: getaddrinfo ENOTFOUND registry.npmjs
56 error     at ClientRequest.<anonymous> (/Users/mast1ff/Repos/tknf/@oss/japhonex/node_modules/minipass-fetch/lib/index.js:110:14)
56 error     at ClientRequest.emit (node:events:390:28)
56 error     at TLSSocket.socketErrorListener (node:_http_client:447:9)
56 error     at TLSSocket.emit (node:events:402:35)
56 error     at emitErrorNT (node:internal/streams/destroy:157:8)
56 error     at emitErrorCloseNT (node:internal/streams/destroy:122:3)
